<?xml version="1.0" encoding="UTF-8"?>
<coverage generated="1602850284451" clover="3.2.0">
  <project timestamp="1602850284451" name="All files">
    <metrics statements="47" coveredstatements="29" conditionals="0" coveredconditionals="0" methods="25" coveredmethods="13" elements="72" coveredelements="42" complexity="0" loc="47" ncloc="47" packages="2" files="8" classes="8"/>
    <package name="components">
      <metrics statements="25" coveredstatements="15" conditionals="0" coveredconditionals="0" methods="7" coveredmethods="3"/>
      <file name="Alert.vue" path="/Users/elicarcar/Desktop/VRS/client/src/components/Alert.vue">
        <metrics statements="1" coveredstatements="1" conditionals="0" coveredconditionals="0" methods="0" coveredmethods="0"/>
        <line num="19" count="1" type="stmt"/>
      </file>
      <file name="AllVisitors.vue" path="/Users/elicarcar/Desktop/VRS/client/src/components/AllVisitors.vue">
        <metrics statements="1" coveredstatements="1" conditionals="0" coveredconditionals="0" methods="0" coveredmethods="0"/>
        <line num="47" count="1" type="stmt"/>
      </file>
      <file name="LoginButtons.vue" path="/Users/elicarcar/Desktop/VRS/client/src/components/LoginButtons.vue">
        <metrics statements="8" coveredstatements="2" conditionals="0" coveredconditionals="0" methods="3" coveredmethods="1"/>
        <line num="72" count="2" type="stmt"/>
        <line num="76" count="2" type="stmt"/>
        <line num="87" count="0" type="stmt"/>
        <line num="88" count="0" type="stmt"/>
        <line num="89" count="0" type="stmt"/>
        <line num="90" count="0" type="stmt"/>
        <line num="93" count="0" type="stmt"/>
        <line num="97" count="0" type="stmt"/>
      </file>
      <file name="LoginForm.vue" path="/Users/elicarcar/Desktop/VRS/client/src/components/LoginForm.vue">
        <metrics statements="6" coveredstatements="2" conditionals="0" coveredconditionals="0" methods="3" coveredmethods="1"/>
        <line num="22" count="1" type="stmt"/>
        <line num="29" count="1" type="stmt"/>
        <line num="32" count="0" type="stmt"/>
        <line num="33" count="0" type="stmt"/>
        <line num="36" count="0" type="stmt"/>
        <line num="40" count="0" type="stmt"/>
      </file>
      <file name="Nav.vue" path="/Users/elicarcar/Desktop/VRS/client/src/components/Nav.vue">
        <metrics statements="1" coveredstatements="1" conditionals="0" coveredconditionals="0" methods="0" coveredmethods="0"/>
        <line num="33" count="1" type="stmt"/>
      </file>
      <file name="VisitorDetails.vue" path="/Users/elicarcar/Desktop/VRS/client/src/components/VisitorDetails.vue">
        <metrics statements="8" coveredstatements="8" conditionals="0" coveredconditionals="0" methods="1" coveredmethods="1"/>
        <line num="65" count="1" type="stmt"/>
        <line num="77" count="3" type="stmt"/>
        <line num="78" count="3" type="stmt"/>
        <line num="80" count="3" type="stmt"/>
        <line num="81" count="3" type="stmt"/>
        <line num="82" count="3" type="stmt"/>
        <line num="85" count="3" type="stmt"/>
        <line num="88" count="3" type="stmt"/>
      </file>
    </package>
    <package name="store">
      <metrics statements="22" coveredstatements="14" conditionals="0" coveredconditionals="0" methods="18" coveredmethods="10"/>
      <file name="getters.js" path="/Users/elicarcar/Desktop/VRS/client/src/store/getters.js">
        <metrics statements="3" coveredstatements="1" conditionals="0" coveredconditionals="0" methods="5" coveredmethods="2"/>
        <line num="3" count="3" type="stmt"/>
        <line num="6" count="0" type="stmt"/>
        <line num="7" count="0" type="stmt"/>
      </file>
      <file name="mutations.js" path="/Users/elicarcar/Desktop/VRS/client/src/store/mutations.js">
        <metrics statements="19" coveredstatements="13" conditionals="0" coveredconditionals="0" methods="13" coveredmethods="8"/>
        <line num="3" count="0" type="stmt"/>
        <line num="4" count="0" type="stmt"/>
        <line num="8" count="1" type="stmt"/>
        <line num="9" count="1" type="stmt"/>
        <line num="10" count="1" type="stmt"/>
        <line num="11" count="1" type="stmt"/>
        <line num="12" count="1" type="stmt"/>
        <line num="16" count="1" type="stmt"/>
        <line num="25" count="1" type="stmt"/>
        <line num="34" count="0" type="stmt"/>
        <line num="38" count="2" type="stmt"/>
        <line num="39" count="2" type="stmt"/>
        <line num="43" count="1" type="stmt"/>
        <line num="44" count="1" type="stmt"/>
        <line num="48" count="0" type="stmt"/>
        <line num="52" count="0" type="stmt"/>
        <line num="56" count="0" type="stmt"/>
        <line num="60" count="1" type="stmt"/>
        <line num="64" count="3" type="stmt"/>
      </file>
    </package>
  </project>
</coverage>
