{"/Users/elicarcar/Desktop/VRS/client/src/App.vue": {"path":"/Users/elicarcar/Desktop/VRS/client/src/App.vue","statementMap":{"0":{"start":{"line":51,"column":0},"end":{"line":51,"column":null}},"1":{"start":{"line":52,"column":0},"end":{"line":52,"column":null}},"2":{"start":{"line":53,"column":0},"end":{"line":53,"column":null}},"3":{"start":{"line":61,"column":0},"end":{"line":63,"column":null}},"4":{"start":{"line":62,"column":0},"end":{"line":62,"column":null}},"5":{"start":{"line":64,"column":0},"end":{"line":64,"column":null}}},"fnMap":{"0":{"name":"(anonymous_1)","decl":{"start":{"line":60,"column":0},"end":{"line":60,"column":null}},"loc":{"start":{"line":60,"column":0},"end":{"line":65,"column":null}}}},"branchMap":{"0":{"loc":{"start":{"line":61,"column":0},"end":{"line":63,"column":null}},"type":"if","locations":[{"start":{"line":61,"column":0},"end":{"line":63,"column":null}},{"start":{"line":61,"column":0},"end":{"line":63,"column":null}}]}},"s":{"0":0,"1":0,"2":0,"3":0,"4":0,"5":0},"f":{"0":0},"b":{"0":[0,0]}}
,"/Users/elicarcar/Desktop/VRS/client/src/components/Alert.vue": {"path":"/Users/elicarcar/Desktop/VRS/client/src/components/Alert.vue","statementMap":{"0":{"start":{"line":19,"column":0},"end":{"line":19,"column":null}}},"fnMap":{},"branchMap":{},"s":{"0":1},"f":{},"b":{}}
,"/Users/elicarcar/Desktop/VRS/client/src/components/AllVisitors.vue": {"path":"/Users/elicarcar/Desktop/VRS/client/src/components/AllVisitors.vue","statementMap":{"0":{"start":{"line":47,"column":0},"end":{"line":47,"column":null}}},"fnMap":{},"branchMap":{},"s":{"0":0},"f":{},"b":{}}
,"/Users/elicarcar/Desktop/VRS/client/src/components/LoginButtons.vue": {"path":"/Users/elicarcar/Desktop/VRS/client/src/components/LoginButtons.vue","statementMap":{"0":{"start":{"line":55,"column":0},"end":{"line":55,"column":null}},"1":{"start":{"line":59,"column":0},"end":{"line":59,"column":null}},"2":{"start":{"line":70,"column":0},"end":{"line":75,"column":null}},"3":{"start":{"line":71,"column":0},"end":{"line":71,"column":null}},"4":{"start":{"line":72,"column":0},"end":{"line":72,"column":null}},"5":{"start":{"line":74,"column":0},"end":{"line":74,"column":null}}},"fnMap":{"0":{"name":"(anonymous_1)","decl":{"start":{"line":58,"column":0},"end":{"line":58,"column":null}},"loc":{"start":{"line":58,"column":0},"end":{"line":62,"column":null}}},"1":{"name":"(anonymous_2)","decl":{"start":{"line":69,"column":0},"end":{"line":69,"column":null}},"loc":{"start":{"line":69,"column":0},"end":{"line":76,"column":null}}}},"branchMap":{},"s":{"0":0,"1":0,"2":0,"3":0,"4":0,"5":0},"f":{"0":0,"1":0},"b":{}}
,"/Users/elicarcar/Desktop/VRS/client/src/components/LoginForm.vue": {"path":"/Users/elicarcar/Desktop/VRS/client/src/components/LoginForm.vue","statementMap":{"0":{"start":{"line":46,"column":0},"end":{"line":46,"column":null}},"1":{"start":{"line":50,"column":0},"end":{"line":50,"column":null}},"2":{"start":{"line":61,"column":0},"end":{"line":68,"column":null}},"3":{"start":{"line":62,"column":0},"end":{"line":62,"column":null}},"4":{"start":{"line":66,"column":0},"end":{"line":66,"column":null}},"5":{"start":{"line":67,"column":0},"end":{"line":67,"column":null}},"6":{"start":{"line":69,"column":0},"end":{"line":83,"column":null}},"7":{"start":{"line":70,"column":0},"end":{"line":70,"column":null}},"8":{"start":{"line":75,"column":0},"end":{"line":75,"column":null}},"9":{"start":{"line":77,"column":0},"end":{"line":77,"column":null}},"10":{"start":{"line":79,"column":0},"end":{"line":79,"column":null}}},"fnMap":{"0":{"name":"(anonymous_1)","decl":{"start":{"line":49,"column":0},"end":{"line":49,"column":null}},"loc":{"start":{"line":49,"column":0},"end":{"line":56,"column":null}}},"1":{"name":"(anonymous_2)","decl":{"start":{"line":60,"column":0},"end":{"line":60,"column":null}},"loc":{"start":{"line":60,"column":0},"end":{"line":84,"column":null}}}},"branchMap":{"0":{"loc":{"start":{"line":61,"column":0},"end":{"line":68,"column":null}},"type":"if","locations":[{"start":{"line":61,"column":0},"end":{"line":68,"column":null}},{"start":{"line":61,"column":0},"end":{"line":68,"column":null}}]}},"s":{"0":0,"1":0,"2":0,"3":0,"4":0,"5":0,"6":0,"7":0,"8":0,"9":0,"10":0},"f":{"0":0,"1":0},"b":{"0":[0,0]}}
,"/Users/elicarcar/Desktop/VRS/client/src/components/Nav.vue": {"path":"/Users/elicarcar/Desktop/VRS/client/src/components/Nav.vue","statementMap":{"0":{"start":{"line":30,"column":0},"end":{"line":30,"column":null}}},"fnMap":{},"branchMap":{},"s":{"0":0},"f":{},"b":{}}
,"/Users/elicarcar/Desktop/VRS/client/src/components/VisitingForm.vue": {"path":"/Users/elicarcar/Desktop/VRS/client/src/components/VisitingForm.vue","statementMap":{"0":{"start":{"line":73,"column":0},"end":{"line":73,"column":null}},"1":{"start":{"line":74,"column":0},"end":{"line":74,"column":null}},"2":{"start":{"line":79,"column":0},"end":{"line":79,"column":null}},"3":{"start":{"line":100,"column":0},"end":{"line":111,"column":null}},"4":{"start":{"line":104,"column":0},"end":{"line":104,"column":null}},"5":{"start":{"line":109,"column":0},"end":{"line":109,"column":null}},"6":{"start":{"line":110,"column":0},"end":{"line":110,"column":null}},"7":{"start":{"line":113,"column":0},"end":{"line":144,"column":null}},"8":{"start":{"line":114,"column":0},"end":{"line":114,"column":null}},"9":{"start":{"line":116,"column":0},"end":{"line":116,"column":null}},"10":{"start":{"line":120,"column":0},"end":{"line":120,"column":null}},"11":{"start":{"line":122,"column":0},"end":{"line":122,"column":null}},"12":{"start":{"line":124,"column":0},"end":{"line":124,"column":null}},"13":{"start":{"line":126,"column":0},"end":{"line":126,"column":null}},"14":{"start":{"line":131,"column":0},"end":{"line":131,"column":null}},"15":{"start":{"line":133,"column":0},"end":{"line":133,"column":null}},"16":{"start":{"line":148,"column":0},"end":{"line":148,"column":null}}},"fnMap":{"0":{"name":"(anonymous_1)","decl":{"start":{"line":78,"column":0},"end":{"line":78,"column":null}},"loc":{"start":{"line":78,"column":0},"end":{"line":92,"column":null}}},"1":{"name":"(anonymous_2)","decl":{"start":{"line":99,"column":0},"end":{"line":99,"column":null}},"loc":{"start":{"line":99,"column":0},"end":{"line":145,"column":null}}},"2":{"name":"(anonymous_3)","decl":{"start":{"line":116,"column":0},"end":{"line":116,"column":null}},"loc":{"start":{"line":116,"column":0},"end":{"line":116,"column":null}}},"3":{"name":"(anonymous_4)","decl":{"start":{"line":147,"column":0},"end":{"line":147,"column":null}},"loc":{"start":{"line":147,"column":0},"end":{"line":149,"column":null}}}},"branchMap":{"0":{"loc":{"start":{"line":100,"column":0},"end":{"line":111,"column":null}},"type":"if","locations":[{"start":{"line":100,"column":0},"end":{"line":111,"column":null}},{"start":{"line":100,"column":0},"end":{"line":111,"column":null}}]},"1":{"loc":{"start":{"line":100,"column":0},"end":{"line":100,"column":null}},"type":"binary-expr","locations":[{"start":{"line":100,"column":0},"end":{"line":100,"column":null}},{"start":{"line":100,"column":0},"end":{"line":100,"column":null}}]}},"s":{"0":0,"1":0,"2":0,"3":0,"4":0,"5":0,"6":0,"7":0,"8":0,"9":0,"10":0,"11":0,"12":0,"13":0,"14":0,"15":0,"16":0},"f":{"0":0,"1":0,"2":0,"3":0},"b":{"0":[0,0],"1":[0,0]}}
,"/Users/elicarcar/Desktop/VRS/client/src/components/VisitorDetails.vue": {"path":"/Users/elicarcar/Desktop/VRS/client/src/components/VisitorDetails.vue","statementMap":{"0":{"start":{"line":62,"column":0},"end":{"line":62,"column":null}},"1":{"start":{"line":63,"column":0},"end":{"line":63,"column":null}},"2":{"start":{"line":64,"column":0},"end":{"line":64,"column":null}},"3":{"start":{"line":78,"column":0},"end":{"line":78,"column":null}},"4":{"start":{"line":79,"column":0},"end":{"line":79,"column":null}},"5":{"start":{"line":81,"column":0},"end":{"line":81,"column":null}},"6":{"start":{"line":82,"column":0},"end":{"line":82,"column":null}},"7":{"start":{"line":83,"column":0},"end":{"line":83,"column":null}},"8":{"start":{"line":86,"column":0},"end":{"line":86,"column":null}},"9":{"start":{"line":89,"column":0},"end":{"line":89,"column":null}}},"fnMap":{"0":{"name":"(anonymous_1)","decl":{"start":{"line":77,"column":0},"end":{"line":77,"column":null}},"loc":{"start":{"line":77,"column":0},"end":{"line":90,"column":null}}}},"branchMap":{},"s":{"0":0,"1":0,"2":0,"3":0,"4":0,"5":0,"6":0,"7":0,"8":0,"9":0},"f":{"0":0},"b":{}}
,"/Users/elicarcar/Desktop/VRS/client/src/data/people.js": {"path":"/Users/elicarcar/Desktop/VRS/client/src/data/people.js","statementMap":{},"fnMap":{},"branchMap":{},"s":{},"f":{},"b":{},"hash":"d217e0613aec6fa1783c1ebcea171f3c930de86e"}
,"/Users/elicarcar/Desktop/VRS/client/src/router/index.js": {"path":"/Users/elicarcar/Desktop/VRS/client/src/router/index.js","statementMap":{"0":{"start":{"line":6,"column":0},"end":{"line":6,"column":19}},"1":{"start":{"line":8,"column":15},"end":{"line":47,"column":1}},"2":{"start":{"line":24,"column":6},"end":{"line":24,"column":69}},"3":{"start":{"line":33,"column":6},"end":{"line":33,"column":68}},"4":{"start":{"line":45,"column":6},"end":{"line":45,"column":66}},"5":{"start":{"line":49,"column":15},"end":{"line":53,"column":2}},"6":{"start":{"line":55,"column":0},"end":{"line":66,"column":3}},"7":{"start":{"line":56,"column":2},"end":{"line":65,"column":3}},"8":{"start":{"line":57,"column":4},"end":{"line":57,"column":24}},"9":{"start":{"line":58,"column":9},"end":{"line":65,"column":3}},"10":{"start":{"line":59,"column":4},"end":{"line":62,"column":7}},"11":{"start":{"line":64,"column":4},"end":{"line":64,"column":11}}},"fnMap":{"0":{"name":"(anonymous_0)","decl":{"start":{"line":23,"column":15},"end":{"line":23,"column":16}},"loc":{"start":{"line":24,"column":6},"end":{"line":24,"column":69}},"line":24},"1":{"name":"(anonymous_1)","decl":{"start":{"line":32,"column":15},"end":{"line":32,"column":16}},"loc":{"start":{"line":33,"column":6},"end":{"line":33,"column":68}},"line":33},"2":{"name":"(anonymous_2)","decl":{"start":{"line":44,"column":15},"end":{"line":44,"column":16}},"loc":{"start":{"line":45,"column":6},"end":{"line":45,"column":66}},"line":45},"3":{"name":"(anonymous_3)","decl":{"start":{"line":55,"column":18},"end":{"line":55,"column":19}},"loc":{"start":{"line":55,"column":38},"end":{"line":66,"column":1}},"line":55}},"branchMap":{"0":{"loc":{"start":{"line":56,"column":2},"end":{"line":65,"column":3}},"type":"if","locations":[{"start":{"line":56,"column":2},"end":{"line":65,"column":3}},{"start":{"line":56,"column":2},"end":{"line":65,"column":3}}],"line":56},"1":{"loc":{"start":{"line":56,"column":6},"end":{"line":56,"column":40}},"type":"binary-expr","locations":[{"start":{"line":56,"column":6},"end":{"line":56,"column":24}},{"start":{"line":56,"column":28},"end":{"line":56,"column":40}}],"line":56},"2":{"loc":{"start":{"line":58,"column":9},"end":{"line":65,"column":3}},"type":"if","locations":[{"start":{"line":58,"column":9},"end":{"line":65,"column":3}},{"start":{"line":58,"column":9},"end":{"line":65,"column":3}}],"line":58},"3":{"loc":{"start":{"line":58,"column":13},"end":{"line":58,"column":53}},"type":"binary-expr","locations":[{"start":{"line":58,"column":13},"end":{"line":58,"column":36}},{"start":{"line":58,"column":40},"end":{"line":58,"column":53}}],"line":58}},"s":{"0":0,"1":0,"2":0,"3":0,"4":0,"5":0,"6":0,"7":0,"8":0,"9":0,"10":0,"11":0},"f":{"0":0,"1":0,"2":0,"3":0},"b":{"0":[0,0],"1":[0,0],"2":[0,0],"3":[0,0]},"hash":"64319a2288cd79ed18cacebf09b693fe5f53b5f8"}
,"/Users/elicarcar/Desktop/VRS/client/src/store/actions.js": {"path":"/Users/elicarcar/Desktop/VRS/client/src/store/actions.js","statementMap":{"0":{"start":{"line":11,"column":4},"end":{"line":15,"column":5}},"1":{"start":{"line":12,"column":6},"end":{"line":12,"column":39}},"2":{"start":{"line":14,"column":6},"end":{"line":14,"column":13}},"3":{"start":{"line":17,"column":4},"end":{"line":37,"column":5}},"4":{"start":{"line":18,"column":18},"end":{"line":18,"column":53}},"5":{"start":{"line":20,"column":6},"end":{"line":20,"column":36}},"6":{"start":{"line":21,"column":6},"end":{"line":32,"column":9}},"7":{"start":{"line":23,"column":8},"end":{"line":31,"column":9}},"8":{"start":{"line":30,"column":10},"end":{"line":30,"column":24}},"9":{"start":{"line":34,"column":6},"end":{"line":34,"column":27}},"10":{"start":{"line":35,"column":6},"end":{"line":35,"column":23}},"11":{"start":{"line":36,"column":6},"end":{"line":36,"column":23}},"12":{"start":{"line":41,"column":4},"end":{"line":65,"column":5}},"13":{"start":{"line":42,"column":19},"end":{"line":44,"column":7}},"14":{"start":{"line":45,"column":18},"end":{"line":45,"column":60}},"15":{"start":{"line":47,"column":6},"end":{"line":47,"column":29}},"16":{"start":{"line":48,"column":6},"end":{"line":48,"column":29}},"17":{"start":{"line":49,"column":6},"end":{"line":49,"column":27}},"18":{"start":{"line":51,"column":20},"end":{"line":54,"column":7}},"19":{"start":{"line":56,"column":6},"end":{"line":56,"column":31}},"20":{"start":{"line":58,"column":6},"end":{"line":58,"column":27}},"21":{"start":{"line":59,"column":6},"end":{"line":59,"column":23}},"22":{"start":{"line":60,"column":25},"end":{"line":63,"column":7}},"23":{"start":{"line":64,"column":6},"end":{"line":64,"column":36}},"24":{"start":{"line":69,"column":4},"end":{"line":75,"column":5}},"25":{"start":{"line":70,"column":6},"end":{"line":70,"column":23}},"26":{"start":{"line":71,"column":6},"end":{"line":71,"column":23}},"27":{"start":{"line":72,"column":6},"end":{"line":72,"column":28}},"28":{"start":{"line":74,"column":6},"end":{"line":74,"column":27}},"29":{"start":{"line":79,"column":4},"end":{"line":84,"column":38}},"30":{"start":{"line":82,"column":8},"end":{"line":82,"column":39}},"31":{"start":{"line":84,"column":20},"end":{"line":84,"column":36}},"32":{"start":{"line":88,"column":4},"end":{"line":94,"column":38}},"33":{"start":{"line":91,"column":8},"end":{"line":91,"column":41}},"34":{"start":{"line":92,"column":8},"end":{"line":92,"column":25}},"35":{"start":{"line":94,"column":20},"end":{"line":94,"column":36}},"36":{"start":{"line":98,"column":4},"end":{"line":107,"column":9}},"37":{"start":{"line":101,"column":8},"end":{"line":101,"column":41}},"38":{"start":{"line":102,"column":8},"end":{"line":102,"column":30}},"39":{"start":{"line":105,"column":8},"end":{"line":105,"column":48}},"40":{"start":{"line":106,"column":8},"end":{"line":106,"column":27}},"41":{"start":{"line":111,"column":4},"end":{"line":117,"column":38}},"42":{"start":{"line":114,"column":8},"end":{"line":114,"column":52}},"43":{"start":{"line":115,"column":8},"end":{"line":115,"column":25}},"44":{"start":{"line":117,"column":20},"end":{"line":117,"column":36}},"45":{"start":{"line":121,"column":4},"end":{"line":126,"column":5}},"46":{"start":{"line":122,"column":18},"end":{"line":122,"column":55}},"47":{"start":{"line":123,"column":6},"end":{"line":123,"column":37}},"48":{"start":{"line":125,"column":6},"end":{"line":125,"column":25}},"49":{"start":{"line":130,"column":15},"end":{"line":130,"column":24}},"50":{"start":{"line":131,"column":33},"end":{"line":131,"column":45}},"51":{"start":{"line":132,"column":20},"end":{"line":136,"column":5}},"52":{"start":{"line":138,"column":4},"end":{"line":138,"column":33}},"53":{"start":{"line":140,"column":4},"end":{"line":140,"column":66}},"54":{"start":{"line":140,"column":21},"end":{"line":140,"column":55}}},"fnMap":{"0":{"name":"(anonymous_0)","decl":{"start":{"line":10,"column":12},"end":{"line":10,"column":13}},"loc":{"start":{"line":10,"column":34},"end":{"line":38,"column":3}},"line":10},"1":{"name":"(anonymous_1)","decl":{"start":{"line":21,"column":29},"end":{"line":21,"column":30}},"loc":{"start":{"line":21,"column":36},"end":{"line":32,"column":7}},"line":21},"2":{"name":"(anonymous_2)","decl":{"start":{"line":40,"column":9},"end":{"line":40,"column":10}},"loc":{"start":{"line":40,"column":49},"end":{"line":66,"column":3}},"line":40},"3":{"name":"(anonymous_3)","decl":{"start":{"line":68,"column":10},"end":{"line":68,"column":11}},"loc":{"start":{"line":68,"column":32},"end":{"line":76,"column":3}},"line":68},"4":{"name":"(anonymous_4)","decl":{"start":{"line":78,"column":13},"end":{"line":78,"column":14}},"loc":{"start":{"line":78,"column":35},"end":{"line":85,"column":3}},"line":78},"5":{"name":"(anonymous_5)","decl":{"start":{"line":81,"column":12},"end":{"line":81,"column":13}},"loc":{"start":{"line":81,"column":19},"end":{"line":83,"column":7}},"line":81},"6":{"name":"(anonymous_6)","decl":{"start":{"line":84,"column":13},"end":{"line":84,"column":14}},"loc":{"start":{"line":84,"column":20},"end":{"line":84,"column":36}},"line":84},"7":{"name":"(anonymous_7)","decl":{"start":{"line":87,"column":14},"end":{"line":87,"column":15}},"loc":{"start":{"line":87,"column":45},"end":{"line":95,"column":3}},"line":87},"8":{"name":"(anonymous_8)","decl":{"start":{"line":90,"column":12},"end":{"line":90,"column":13}},"loc":{"start":{"line":90,"column":19},"end":{"line":93,"column":7}},"line":90},"9":{"name":"(anonymous_9)","decl":{"start":{"line":94,"column":13},"end":{"line":94,"column":14}},"loc":{"start":{"line":94,"column":20},"end":{"line":94,"column":36}},"line":94},"10":{"name":"(anonymous_10)","decl":{"start":{"line":97,"column":18},"end":{"line":97,"column":19}},"loc":{"start":{"line":97,"column":40},"end":{"line":108,"column":3}},"line":97},"11":{"name":"(anonymous_11)","decl":{"start":{"line":100,"column":12},"end":{"line":100,"column":13}},"loc":{"start":{"line":100,"column":19},"end":{"line":103,"column":7}},"line":100},"12":{"name":"(anonymous_12)","decl":{"start":{"line":104,"column":13},"end":{"line":104,"column":14}},"loc":{"start":{"line":104,"column":22},"end":{"line":107,"column":7}},"line":104},"13":{"name":"(anonymous_13)","decl":{"start":{"line":110,"column":17},"end":{"line":110,"column":18}},"loc":{"start":{"line":110,"column":43},"end":{"line":118,"column":3}},"line":110},"14":{"name":"(anonymous_14)","decl":{"start":{"line":113,"column":12},"end":{"line":113,"column":13}},"loc":{"start":{"line":113,"column":19},"end":{"line":116,"column":7}},"line":113},"15":{"name":"(anonymous_15)","decl":{"start":{"line":117,"column":13},"end":{"line":117,"column":14}},"loc":{"start":{"line":117,"column":20},"end":{"line":117,"column":36}},"line":117},"16":{"name":"(anonymous_16)","decl":{"start":{"line":120,"column":13},"end":{"line":120,"column":14}},"loc":{"start":{"line":120,"column":35},"end":{"line":127,"column":3}},"line":120},"17":{"name":"(anonymous_17)","decl":{"start":{"line":129,"column":9},"end":{"line":129,"column":10}},"loc":{"start":{"line":129,"column":55},"end":{"line":141,"column":3}},"line":129},"18":{"name":"(anonymous_18)","decl":{"start":{"line":140,"column":15},"end":{"line":140,"column":16}},"loc":{"start":{"line":140,"column":21},"end":{"line":140,"column":55}},"line":140}},"branchMap":{"0":{"loc":{"start":{"line":11,"column":4},"end":{"line":15,"column":5}},"type":"if","locations":[{"start":{"line":11,"column":4},"end":{"line":15,"column":5}},{"start":{"line":11,"column":4},"end":{"line":15,"column":5}}],"line":11},"1":{"loc":{"start":{"line":23,"column":8},"end":{"line":31,"column":9}},"type":"if","locations":[{"start":{"line":23,"column":8},"end":{"line":31,"column":9}},{"start":{"line":23,"column":8},"end":{"line":31,"column":9}}],"line":23},"2":{"loc":{"start":{"line":24,"column":10},"end":{"line":27,"column":11}},"type":"binary-expr","locations":[{"start":{"line":24,"column":10},"end":{"line":24,"column":45}},{"start":{"line":25,"column":10},"end":{"line":27,"column":11}}],"line":24},"3":{"loc":{"start":{"line":129,"column":36},"end":{"line":129,"column":50}},"type":"default-arg","locations":[{"start":{"line":129,"column":46},"end":{"line":129,"column":50}}],"line":129}},"s":{"0":0,"1":0,"2":0,"3":0,"4":0,"5":0,"6":0,"7":0,"8":0,"9":0,"10":0,"11":0,"12":0,"13":0,"14":0,"15":0,"16":0,"17":0,"18":0,"19":0,"20":0,"21":0,"22":0,"23":0,"24":0,"25":0,"26":0,"27":0,"28":0,"29":0,"30":0,"31":0,"32":0,"33":0,"34":0,"35":0,"36":0,"37":0,"38":0,"39":0,"40":0,"41":0,"42":0,"43":0,"44":0,"45":0,"46":0,"47":0,"48":0,"49":0,"50":0,"51":0,"52":0,"53":0,"54":0},"f":{"0":0,"1":0,"2":0,"3":0,"4":0,"5":0,"6":0,"7":0,"8":0,"9":0,"10":0,"11":0,"12":0,"13":0,"14":0,"15":0,"16":0,"17":0,"18":0},"b":{"0":[0,0],"1":[0,0],"2":[0,0],"3":[0]},"hash":"d3bfe3c04b74a895f62118cf8189d0bbc89d6b9d"}
,"/Users/elicarcar/Desktop/VRS/client/src/store/getters.js": {"path":"/Users/elicarcar/Desktop/VRS/client/src/store/getters.js","statementMap":{"0":{"start":{"line":3,"column":4},"end":{"line":3,"column":56}},"1":{"start":{"line":3,"column":43},"end":{"line":3,"column":54}},"2":{"start":{"line":6,"column":27},"end":{"line":8,"column":3}},"3":{"start":{"line":7,"column":4},"end":{"line":7,"column":58}},"4":{"start":{"line":7,"column":36},"end":{"line":7,"column":56}}},"fnMap":{"0":{"name":"(anonymous_0)","decl":{"start":{"line":2,"column":18},"end":{"line":2,"column":19}},"loc":{"start":{"line":2,"column":27},"end":{"line":4,"column":3}},"line":2},"1":{"name":"(anonymous_1)","decl":{"start":{"line":3,"column":38},"end":{"line":3,"column":39}},"loc":{"start":{"line":3,"column":43},"end":{"line":3,"column":54}},"line":3},"2":{"name":"(anonymous_2)","decl":{"start":{"line":6,"column":18},"end":{"line":6,"column":19}},"loc":{"start":{"line":6,"column":27},"end":{"line":8,"column":3}},"line":6},"3":{"name":"(anonymous_3)","decl":{"start":{"line":6,"column":27},"end":{"line":6,"column":28}},"loc":{"start":{"line":6,"column":38},"end":{"line":8,"column":3}},"line":6},"4":{"name":"(anonymous_4)","decl":{"start":{"line":7,"column":31},"end":{"line":7,"column":32}},"loc":{"start":{"line":7,"column":36},"end":{"line":7,"column":56}},"line":7}},"branchMap":{},"s":{"0":0,"1":0,"2":0,"3":0,"4":0},"f":{"0":0,"1":0,"2":0,"3":0,"4":0},"b":{},"hash":"96c15c118192a8a49de1893eabda43efeb225d52"}
,"/Users/elicarcar/Desktop/VRS/client/src/store/index.js": {"path":"/Users/elicarcar/Desktop/VRS/client/src/store/index.js","statementMap":{"0":{"start":{"line":8,"column":0},"end":{"line":8,"column":14}}},"fnMap":{},"branchMap":{},"s":{"0":0},"f":{},"b":{},"hash":"6db00ac7d0b6d274d3de95e5ffbc1e28bd2d65f8"}
,"/Users/elicarcar/Desktop/VRS/client/src/store/state.js": {"path":"/Users/elicarcar/Desktop/VRS/client/src/store/state.js","statementMap":{},"fnMap":{},"branchMap":{},"s":{},"f":{},"b":{},"hash":"07e663ccbadebcb0def2c8f9548304eb589dc2eb"}
,"/Users/elicarcar/Desktop/VRS/client/src/utils/auth.js": {"path":"/Users/elicarcar/Desktop/VRS/client/src/utils/auth.js","statementMap":{"0":{"start":{"line":3,"column":23},"end":{"line":3,"column":30}},"1":{"start":{"line":6,"column":2},"end":{"line":6,"column":69}},"2":{"start":{"line":7,"column":2},"end":{"line":7,"column":46}},"3":{"start":{"line":11,"column":2},"end":{"line":11,"column":46}},"4":{"start":{"line":15,"column":2},"end":{"line":15,"column":54}},"5":{"start":{"line":16,"column":2},"end":{"line":16,"column":42}},"6":{"start":{"line":20,"column":20},"end":{"line":20,"column":34}},"7":{"start":{"line":21,"column":2},"end":{"line":21,"column":21}}},"fnMap":{"0":{"name":"setAuthToken","decl":{"start":{"line":5,"column":16},"end":{"line":5,"column":28}},"loc":{"start":{"line":5,"column":36},"end":{"line":8,"column":1}},"line":5},"1":{"name":"getAuthToken","decl":{"start":{"line":10,"column":16},"end":{"line":10,"column":28}},"loc":{"start":{"line":10,"column":31},"end":{"line":12,"column":1}},"line":10},"2":{"name":"clearAuthToken","decl":{"start":{"line":14,"column":16},"end":{"line":14,"column":30}},"loc":{"start":{"line":14,"column":33},"end":{"line":17,"column":1}},"line":14},"3":{"name":"isLoggedIn","decl":{"start":{"line":19,"column":16},"end":{"line":19,"column":26}},"loc":{"start":{"line":19,"column":29},"end":{"line":22,"column":1}},"line":19}},"branchMap":{},"s":{"0":0,"1":0,"2":0,"3":0,"4":0,"5":0,"6":0,"7":0},"f":{"0":0,"1":0,"2":0,"3":0},"b":{},"hash":"c8c34c43f064289f09bc95ff68d827e867ca848f"}
,"/Users/elicarcar/Desktop/VRS/client/src/utils/url.js": {"path":"/Users/elicarcar/Desktop/VRS/client/src/utils/url.js","statementMap":{"0":{"start":{"line":1,"column":24},"end":{"line":1,"column":47}}},"fnMap":{},"branchMap":{},"s":{"0":0},"f":{},"b":{},"hash":"30c7f9b7132c2c015fc1d11dc1a44637974bbf6e"}
,"/Users/elicarcar/Desktop/VRS/client/src/views/Home.vue": {"path":"/Users/elicarcar/Desktop/VRS/client/src/views/Home.vue","statementMap":{"0":{"start":{"line":8,"column":0},"end":{"line":8,"column":null}},"1":{"start":{"line":9,"column":0},"end":{"line":9,"column":null}}},"fnMap":{},"branchMap":{},"s":{"0":0,"1":0},"f":{},"b":{}}
,"/Users/elicarcar/Desktop/VRS/client/src/views/Login.vue": {"path":"/Users/elicarcar/Desktop/VRS/client/src/views/Login.vue","statementMap":{"0":{"start":{"line":8,"column":0},"end":{"line":8,"column":null}}},"fnMap":{},"branchMap":{},"s":{"0":0},"f":{},"b":{}}
,"/Users/elicarcar/Desktop/VRS/client/src/views/Visitor.vue": {"path":"/Users/elicarcar/Desktop/VRS/client/src/views/Visitor.vue","statementMap":{"0":{"start":{"line":6,"column":0},"end":{"line":6,"column":null}},"1":{"start":{"line":7,"column":0},"end":{"line":7,"column":null}},"2":{"start":{"line":12,"column":0},"end":{"line":12,"column":null}},"3":{"start":{"line":31,"column":0},"end":{"line":31,"column":null}},"4":{"start":{"line":33,"column":0},"end":{"line":33,"column":null}},"5":{"start":{"line":37,"column":0},"end":{"line":37,"column":null}}},"fnMap":{"0":{"name":"(anonymous_1)","decl":{"start":{"line":11,"column":0},"end":{"line":11,"column":null}},"loc":{"start":{"line":11,"column":0},"end":{"line":15,"column":null}}},"1":{"name":"(anonymous_2)","decl":{"start":{"line":30,"column":0},"end":{"line":30,"column":null}},"loc":{"start":{"line":30,"column":0},"end":{"line":38,"column":null}}},"2":{"name":"(anonymous_3)","decl":{"start":{"line":33,"column":0},"end":{"line":33,"column":null}},"loc":{"start":{"line":33,"column":0},"end":{"line":33,"column":null}}}},"branchMap":{},"s":{"0":0,"1":0,"2":0,"3":0,"4":0,"5":0},"f":{"0":0,"1":0,"2":0},"b":{}}
,"/Users/elicarcar/Desktop/VRS/client/src/views/Visitors.vue": {"path":"/Users/elicarcar/Desktop/VRS/client/src/views/Visitors.vue","statementMap":{"0":{"start":{"line":19,"column":0},"end":{"line":19,"column":null}},"1":{"start":{"line":20,"column":0},"end":{"line":20,"column":null}},"2":{"start":{"line":21,"column":0},"end":{"line":21,"column":null}},"3":{"start":{"line":27,"column":0},"end":{"line":27,"column":null}},"4":{"start":{"line":45,"column":0},"end":{"line":45,"column":null}},"5":{"start":{"line":53,"column":0},"end":{"line":58,"column":null}},"6":{"start":{"line":54,"column":0},"end":{"line":54,"column":null}},"7":{"start":{"line":55,"column":0},"end":{"line":55,"column":null}},"8":{"start":{"line":57,"column":0},"end":{"line":57,"column":null}},"9":{"start":{"line":63,"column":0},"end":{"line":63,"column":null}}},"fnMap":{"0":{"name":"(anonymous_1)","decl":{"start":{"line":26,"column":0},"end":{"line":26,"column":null}},"loc":{"start":{"line":26,"column":0},"end":{"line":31,"column":null}}},"1":{"name":"reload","decl":{"start":{"line":44,"column":0},"end":{"line":44,"column":null}},"loc":{"start":{"line":44,"column":0},"end":{"line":46,"column":null}}},"2":{"name":"(anonymous_3)","decl":{"start":{"line":52,"column":0},"end":{"line":52,"column":null}},"loc":{"start":{"line":52,"column":0},"end":{"line":59,"column":null}}},"3":{"name":"(anonymous_4)","decl":{"start":{"line":62,"column":0},"end":{"line":62,"column":null}},"loc":{"start":{"line":62,"column":0},"end":{"line":64,"column":null}}}},"branchMap":{},"s":{"0":0,"1":0,"2":0,"3":0,"4":0,"5":0,"6":0,"7":0,"8":0,"9":0},"f":{"0":0,"1":0,"2":0,"3":0},"b":{}}
}
