TN:
SF:/Users/elicarcar/Desktop/VRS/client/src/App.vue
FN:60,(anonymous_1)
FNF:1
FNH:0
FNDA:0,(anonymous_1)
DA:51,0
DA:52,0
DA:53,0
DA:61,0
DA:62,0
DA:64,0
LF:6
LH:0
BRDA:61,0,0,0
BRDA:61,0,1,0
BRF:2
BRH:0
end_of_record
TN:
SF:/Users/elicarcar/Desktop/VRS/client/src/components/Alert.vue
FNF:0
FNH:0
DA:19,1
LF:1
LH:1
BRF:0
BRH:0
end_of_record
TN:
SF:/Users/elicarcar/Desktop/VRS/client/src/components/AllVisitors.vue
FNF:0
FNH:0
DA:47,0
LF:1
LH:0
BRF:0
BRH:0
end_of_record
TN:
SF:/Users/elicarcar/Desktop/VRS/client/src/components/LoginButtons.vue
FN:58,(anonymous_1)
FN:69,(anonymous_2)
FNF:2
FNH:0
FNDA:0,(anonymous_1)
FNDA:0,(anonymous_2)
DA:55,0
DA:59,0
DA:70,0
DA:71,0
DA:72,0
DA:74,0
LF:6
LH:0
BRF:0
BRH:0
end_of_record
TN:
SF:/Users/elicarcar/Desktop/VRS/client/src/components/LoginForm.vue
FN:49,(anonymous_1)
FN:60,(anonymous_2)
FNF:2
FNH:0
FNDA:0,(anonymous_1)
FNDA:0,(anonymous_2)
DA:46,0
DA:50,0
DA:61,0
DA:62,0
DA:66,0
DA:67,0
DA:69,0
DA:70,0
DA:75,0
DA:77,0
DA:79,0
LF:11
LH:0
BRDA:61,0,0,0
BRDA:61,0,1,0
BRF:2
BRH:0
end_of_record
TN:
SF:/Users/elicarcar/Desktop/VRS/client/src/components/Nav.vue
FNF:0
FNH:0
DA:30,0
LF:1
LH:0
BRF:0
BRH:0
end_of_record
TN:
SF:/Users/elicarcar/Desktop/VRS/client/src/components/VisitingForm.vue
FN:78,(anonymous_1)
FN:99,(anonymous_2)
FN:116,(anonymous_3)
FN:147,(anonymous_4)
FNF:4
FNH:0
FNDA:0,(anonymous_1)
FNDA:0,(anonymous_2)
FNDA:0,(anonymous_3)
FNDA:0,(anonymous_4)
DA:73,0
DA:74,0
DA:79,0
DA:100,0
DA:104,0
DA:109,0
DA:110,0
DA:113,0
DA:114,0
DA:116,0
DA:120,0
DA:122,0
DA:124,0
DA:126,0
DA:131,0
DA:133,0
DA:148,0
LF:17
LH:0
BRDA:100,0,0,0
BRDA:100,0,1,0
BRDA:100,1,0,0
BRDA:100,1,1,0
BRF:4
BRH:0
end_of_record
TN:
SF:/Users/elicarcar/Desktop/VRS/client/src/components/VisitorDetails.vue
FN:77,(anonymous_1)
FNF:1
FNH:0
FNDA:0,(anonymous_1)
DA:62,0
DA:63,0
DA:64,0
DA:78,0
DA:79,0
DA:81,0
DA:82,0
DA:83,0
DA:86,0
DA:89,0
LF:10
LH:0
BRF:0
BRH:0
end_of_record
TN:
SF:/Users/elicarcar/Desktop/VRS/client/src/data/people.js
FNF:0
FNH:0
LF:0
LH:0
BRF:0
BRH:0
end_of_record
TN:
SF:/Users/elicarcar/Desktop/VRS/client/src/router/index.js
FN:23,(anonymous_0)
FN:32,(anonymous_1)
FN:44,(anonymous_2)
FN:55,(anonymous_3)
FNF:4
FNH:0
FNDA:0,(anonymous_0)
FNDA:0,(anonymous_1)
FNDA:0,(anonymous_2)
FNDA:0,(anonymous_3)
DA:6,0
DA:8,0
DA:24,0
DA:33,0
DA:45,0
DA:49,0
DA:55,0
DA:56,0
DA:57,0
DA:58,0
DA:59,0
DA:64,0
LF:12
LH:0
BRDA:56,0,0,0
BRDA:56,0,1,0
BRDA:56,1,0,0
BRDA:56,1,1,0
BRDA:58,2,0,0
BRDA:58,2,1,0
BRDA:58,3,0,0
BRDA:58,3,1,0
BRF:8
BRH:0
end_of_record
TN:
SF:/Users/elicarcar/Desktop/VRS/client/src/store/actions.js
FN:10,(anonymous_0)
FN:21,(anonymous_1)
FN:40,(anonymous_2)
FN:68,(anonymous_3)
FN:78,(anonymous_4)
FN:81,(anonymous_5)
FN:84,(anonymous_6)
FN:87,(anonymous_7)
FN:90,(anonymous_8)
FN:94,(anonymous_9)
FN:97,(anonymous_10)
FN:100,(anonymous_11)
FN:104,(anonymous_12)
FN:110,(anonymous_13)
FN:113,(anonymous_14)
FN:117,(anonymous_15)
FN:120,(anonymous_16)
FN:129,(anonymous_17)
FN:140,(anonymous_18)
FNF:19
FNH:0
FNDA:0,(anonymous_0)
FNDA:0,(anonymous_1)
FNDA:0,(anonymous_2)
FNDA:0,(anonymous_3)
FNDA:0,(anonymous_4)
FNDA:0,(anonymous_5)
FNDA:0,(anonymous_6)
FNDA:0,(anonymous_7)
FNDA:0,(anonymous_8)
FNDA:0,(anonymous_9)
FNDA:0,(anonymous_10)
FNDA:0,(anonymous_11)
FNDA:0,(anonymous_12)
FNDA:0,(anonymous_13)
FNDA:0,(anonymous_14)
FNDA:0,(anonymous_15)
FNDA:0,(anonymous_16)
FNDA:0,(anonymous_17)
FNDA:0,(anonymous_18)
DA:11,0
DA:12,0
DA:14,0
DA:17,0
DA:18,0
DA:20,0
DA:21,0
DA:23,0
DA:30,0
DA:34,0
DA:35,0
DA:36,0
DA:41,0
DA:42,0
DA:45,0
DA:47,0
DA:48,0
DA:49,0
DA:51,0
DA:56,0
DA:58,0
DA:59,0
DA:60,0
DA:64,0
DA:69,0
DA:70,0
DA:71,0
DA:72,0
DA:74,0
DA:79,0
DA:82,0
DA:84,0
DA:88,0
DA:91,0
DA:92,0
DA:94,0
DA:98,0
DA:101,0
DA:102,0
DA:105,0
DA:106,0
DA:111,0
DA:114,0
DA:115,0
DA:117,0
DA:121,0
DA:122,0
DA:123,0
DA:125,0
DA:130,0
DA:131,0
DA:132,0
DA:138,0
DA:140,0
LF:54
LH:0
BRDA:11,0,0,0
BRDA:11,0,1,0
BRDA:23,1,0,0
BRDA:23,1,1,0
BRDA:24,2,0,0
BRDA:24,2,1,0
BRDA:129,3,0,0
BRF:7
BRH:0
end_of_record
TN:
SF:/Users/elicarcar/Desktop/VRS/client/src/store/getters.js
FN:2,(anonymous_0)
FN:3,(anonymous_1)
FN:6,(anonymous_2)
FN:6,(anonymous_3)
FN:7,(anonymous_4)
FNF:5
FNH:0
FNDA:0,(anonymous_0)
FNDA:0,(anonymous_1)
FNDA:0,(anonymous_2)
FNDA:0,(anonymous_3)
FNDA:0,(anonymous_4)
DA:3,0
DA:6,0
DA:7,0
LF:3
LH:0
BRF:0
BRH:0
end_of_record
TN:
SF:/Users/elicarcar/Desktop/VRS/client/src/store/index.js
FNF:0
FNH:0
DA:8,0
LF:1
LH:0
BRF:0
BRH:0
end_of_record
TN:
SF:/Users/elicarcar/Desktop/VRS/client/src/store/state.js
FNF:0
FNH:0
LF:0
LH:0
BRF:0
BRH:0
end_of_record
TN:
SF:/Users/elicarcar/Desktop/VRS/client/src/utils/auth.js
FN:5,setAuthToken
FN:10,getAuthToken
FN:14,clearAuthToken
FN:19,isLoggedIn
FNF:4
FNH:0
FNDA:0,setAuthToken
FNDA:0,getAuthToken
FNDA:0,clearAuthToken
FNDA:0,isLoggedIn
DA:3,0
DA:6,0
DA:7,0
DA:11,0
DA:15,0
DA:16,0
DA:20,0
DA:21,0
LF:8
LH:0
BRF:0
BRH:0
end_of_record
TN:
SF:/Users/elicarcar/Desktop/VRS/client/src/utils/url.js
FNF:0
FNH:0
DA:1,0
LF:1
LH:0
BRF:0
BRH:0
end_of_record
TN:
SF:/Users/elicarcar/Desktop/VRS/client/src/views/Home.vue
FNF:0
FNH:0
DA:8,0
DA:9,0
LF:2
LH:0
BRF:0
BRH:0
end_of_record
TN:
SF:/Users/elicarcar/Desktop/VRS/client/src/views/Login.vue
FNF:0
FNH:0
DA:8,0
LF:1
LH:0
BRF:0
BRH:0
end_of_record
TN:
SF:/Users/elicarcar/Desktop/VRS/client/src/views/Visitor.vue
FN:11,(anonymous_1)
FN:30,(anonymous_2)
FN:33,(anonymous_3)
FNF:3
FNH:0
FNDA:0,(anonymous_1)
FNDA:0,(anonymous_2)
FNDA:0,(anonymous_3)
DA:6,0
DA:7,0
DA:12,0
DA:31,0
DA:33,0
DA:37,0
LF:6
LH:0
BRF:0
BRH:0
end_of_record
TN:
SF:/Users/elicarcar/Desktop/VRS/client/src/views/Visitors.vue
FN:26,(anonymous_1)
FN:44,reload
FN:52,(anonymous_3)
FN:62,(anonymous_4)
FNF:4
FNH:0
FNDA:0,(anonymous_1)
FNDA:0,reload
FNDA:0,(anonymous_3)
FNDA:0,(anonymous_4)
DA:19,0
DA:20,0
DA:21,0
DA:27,0
DA:45,0
DA:53,0
DA:54,0
DA:55,0
DA:57,0
DA:63,0
LF:10
LH:0
BRF:0
BRH:0
end_of_record
