TN:
SF:/Users/elicarcar/Desktop/VRS/client/src/components/Alert.vue
FNF:0
FNH:0
DA:19,1
LF:1
LH:1
BRF:0
BRH:0
end_of_record
TN:
SF:/Users/elicarcar/Desktop/VRS/client/src/components/AllVisitors.vue
FNF:0
FNH:0
DA:47,1
LF:1
LH:1
BRF:0
BRH:0
end_of_record
TN:
SF:/Users/elicarcar/Desktop/VRS/client/src/components/LoginForm.vue
FN:49,(anonymous_1)
FN:60,(anonymous_2)
FNF:2
FNH:1
FNDA:2,(anonymous_1)
FNDA:0,(anonymous_2)
DA:46,1
DA:50,2
DA:61,0
DA:62,0
DA:66,0
DA:67,0
DA:69,0
DA:70,0
DA:75,0
DA:77,0
DA:79,0
LF:11
LH:2
BRDA:61,0,0,0
BRDA:61,0,1,0
BRF:2
BRH:0
end_of_record
TN:
SF:/Users/elicarcar/Desktop/VRS/client/src/store/mutations.js
FN:2,(anonymous_0)
FN:7,(anonymous_1)
FN:15,(anonymous_2)
FN:24,(anonymous_3)
FN:33,(anonymous_4)
FN:37,(anonymous_5)
FN:42,(anonymous_6)
FN:47,(anonymous_7)
FN:51,(anonymous_8)
FN:55,(anonymous_9)
FN:59,(anonymous_10)
FN:63,(anonymous_11)
FN:64,(anonymous_12)
FNF:13
FNH:8
FNDA:0,(anonymous_0)
FNDA:1,(anonymous_1)
FNDA:1,(anonymous_2)
FNDA:1,(anonymous_3)
FNDA:0,(anonymous_4)
FNDA:2,(anonymous_5)
FNDA:1,(anonymous_6)
FNDA:0,(anonymous_7)
FNDA:0,(anonymous_8)
FNDA:0,(anonymous_9)
FNDA:1,(anonymous_10)
FNDA:1,(anonymous_11)
FNDA:3,(anonymous_12)
DA:3,0
DA:4,0
DA:8,1
DA:9,1
DA:10,1
DA:11,1
DA:12,1
DA:16,1
DA:25,1
DA:34,0
DA:38,2
DA:39,2
DA:43,1
DA:44,1
DA:48,0
DA:52,0
DA:56,0
DA:60,1
DA:64,3
LF:19
LH:13
BRF:0
BRH:0
end_of_record
